opening handshake failed
Traceback (most recent call last):
  File "C:\Users\ocelo\AppData\Local\Packages\PythonSoftwareFoundation.Python.3.13_qbz5n2kfra8p0\LocalCache\local-packages\Python313\site-packages\websockets\asyncio\server.py", line 356, in conn_handler
    await connection.handshake(
    ...<3 lines>...
    )
  File "C:\Users\ocelo\AppData\Local\Packages\PythonSoftwareFoundation.Python.3.13_qbz5n2kfra8p0\LocalCache\local-packages\Python313\site-packages\websockets\asyncio\server.py", line 207, in handshake
    raise self.protocol.handshake_exc
  File "C:\Users\ocelo\AppData\Local\Packages\PythonSoftwareFoundation.Python.3.13_qbz5n2kfra8p0\LocalCache\local-packages\Python313\site-packages\websockets\server.py", line 138, in accept
    ) = self.process_request(request)
        ~~~~~~~~~~~~~~~~~~~~^^^^^^^^^
  File "C:\Users\ocelo\AppData\Local\Packages\PythonSoftwareFoundation.Python.3.13_qbz5n2kfra8p0\LocalCache\local-packages\Python313\site-packages\websockets\server.py", line 233, in process_request
    raise InvalidUpgrade(
        "Connection", ", ".join(connection) if connection else None
    )
websockets.exceptions.InvalidUpgrade: invalid Connection header: keep-alive
opening handshake failed
Traceback (most recent call last):
  File "C:\Users\ocelo\AppData\Local\Packages\PythonSoftwareFoundation.Python.3.13_qbz5n2kfra8p0\LocalCache\local-packages\Python313\site-packages\websockets\asyncio\server.py", line 356, in conn_handler
    await connection.handshake(
    ...<3 lines>...
    )
  File "C:\Users\ocelo\AppData\Local\Packages\PythonSoftwareFoundation.Python.3.13_qbz5n2kfra8p0\LocalCache\local-packages\Python313\site-packages\websockets\asyncio\server.py", line 207, in handshake
    raise self.protocol.handshake_exc
  File "C:\Users\ocelo\AppData\Local\Packages\PythonSoftwareFoundation.Python.3.13_qbz5n2kfra8p0\LocalCache\local-packages\Python313\site-packages\websockets\server.py", line 138, in accept
    ) = self.process_request(request)
        ~~~~~~~~~~~~~~~~~~~~^^^^^^^^^
  File "C:\Users\ocelo\AppData\Local\Packages\PythonSoftwareFoundation.Python.3.13_qbz5n2kfra8p0\LocalCache\local-packages\Python313\site-packages\websockets\server.py", line 233, in process_request
    raise InvalidUpgrade(
        "Connection", ", ".join(connection) if connection else None
    )
websockets.exceptions.InvalidUpgrade: invalid Connection header: keep-alive
